{"total": {"lines":{"total":83,"covered":71,"skipped":0,"pct":85.54},"statements":{"total":85,"covered":73,"skipped":0,"pct":85.88},"functions":{"total":15,"covered":12,"skipped":0,"pct":80},"branches":{"total":78,"covered":60,"skipped":0,"pct":76.92},"branchesTrue":{"total":0,"covered":0,"skipped":0,"pct":100}}
,"/home/runner/work/react-codemirror/react-codemirror/core/src/index.tsx": {"lines":{"total":10,"covered":9,"skipped":0,"pct":90},"functions":{"total":2,"covered":2,"skipped":0,"pct":100},"statements":{"total":11,"covered":10,"skipped":0,"pct":90.9},"branches":{"total":9,"covered":7,"skipped":0,"pct":77.77}}
,"/home/runner/work/react-codemirror/react-codemirror/core/src/useCodeMirror.ts": {"lines":{"total":68,"covered":61,"skipped":0,"pct":89.7},"functions":{"total":10,"covered":10,"skipped":0,"pct":100},"statements":{"total":69,"covered":62,"skipped":0,"pct":89.85},"branches":{"total":69,"covered":53,"skipped":0,"pct":76.81}}
,"/home/runner/work/react-codemirror/react-codemirror/core/src/utils.ts": {"lines":{"total":4,"covered":1,"skipped":0,"pct":25},"functions":{"total":3,"covered":0,"skipped":0,"pct":0},"statements":{"total":4,"covered":1,"skipped":0,"pct":25},"branches":{"total":0,"covered":0,"skipped":0,"pct":100}}
,"/home/runner/work/react-codemirror/react-codemirror/core/src/theme/light.ts": {"lines":{"total":1,"covered":0,"skipped":0,"pct":0},"functions":{"total":0,"covered":0,"skipped":0,"pct":100},"statements":{"total":1,"covered":0,"skipped":0,"pct":0},"branches":{"total":0,"covered":0,"skipped":0,"pct":100}}
}
