{"total": {"lines":{"total":80,"covered":70,"skipped":0,"pct":87.5},"statements":{"total":83,"covered":73,"skipped":0,"pct":87.95},"functions":{"total":16,"covered":13,"skipped":0,"pct":81.25},"branches":{"total":75,"covered":60,"skipped":0,"pct":80},"branchesTrue":{"total":0,"covered":0,"skipped":0,"pct":100}}
,"/home/runner/work/react-codemirror/react-codemirror/core/src/index.tsx": {"lines":{"total":10,"covered":9,"skipped":0,"pct":90},"functions":{"total":2,"covered":2,"skipped":0,"pct":100},"statements":{"total":11,"covered":10,"skipped":0,"pct":90.9},"branches":{"total":9,"covered":7,"skipped":0,"pct":77.77}}
,"/home/runner/work/react-codemirror/react-codemirror/core/src/useCodeMirror.ts": {"lines":{"total":65,"covered":60,"skipped":0,"pct":92.3},"functions":{"total":11,"covered":11,"skipped":0,"pct":100},"statements":{"total":67,"covered":62,"skipped":0,"pct":92.53},"branches":{"total":66,"covered":53,"skipped":0,"pct":80.3}}
,"/home/runner/work/react-codemirror/react-codemirror/core/src/utils.ts": {"lines":{"total":4,"covered":1,"skipped":0,"pct":25},"functions":{"total":3,"covered":0,"skipped":0,"pct":0},"statements":{"total":4,"covered":1,"skipped":0,"pct":25},"branches":{"total":0,"covered":0,"skipped":0,"pct":100}}
,"/home/runner/work/react-codemirror/react-codemirror/core/src/theme/light.ts": {"lines":{"total":1,"covered":0,"skipped":0,"pct":0},"functions":{"total":0,"covered":0,"skipped":0,"pct":100},"statements":{"total":1,"covered":0,"skipped":0,"pct":0},"branches":{"total":0,"covered":0,"skipped":0,"pct":100}}
}
