TN:
SF:src/index.tsx
FN:68,(anonymous_0)
FN:115,(anonymous_1)
FN:116,(anonymous_2)
FNF:3
FNH:3
FNDA:18,(anonymous_0)
FNDA:3,(anonymous_1)
FNDA:7,(anonymous_2)
DA:68,1
DA:91,18
DA:92,18
DA:93,18
DA:115,18
DA:116,18
DA:117,7
DA:122,18
DA:123,0
DA:126,18
DA:127,18
DA:130,1
LF:12
LH:11
BRDA:71,0,0,9
BRDA:73,1,0,18
BRDA:77,2,0,17
BRDA:122,3,0,0
BRDA:122,3,1,18
BRDA:126,4,0,18
BRDA:126,4,1,0
BRDA:127,5,0,7
BRDA:127,5,1,11
BRF:9
BRH:7
end_of_record
TN:
SF:src/useCodeMirror.ts
FN:13,useCodeMirror
FN:58,(anonymous_1)
FN:101,(anonymous_2)
FN:118,(anonymous_3)
FN:127,(anonymous_4)
FN:127,(anonymous_5)
FN:136,(anonymous_6)
FN:142,(anonymous_7)
FN:151,(anonymous_8)
FNF:9
FNH:9
FNDA:18,useCodeMirror
FNDA:6,(anonymous_1)
FNDA:17,(anonymous_2)
FNDA:15,(anonymous_3)
FNDA:12,(anonymous_4)
FNDA:10,(anonymous_5)
FNDA:12,(anonymous_6)
FNDA:12,(anonymous_7)
FNDA:17,(anonymous_8)
DA:34,18
DA:35,18
DA:36,18
DA:37,18
DA:38,18
DA:48,18
DA:58,18
DA:59,6
DA:60,1
DA:61,1
DA:62,1
DA:65,18
DA:66,18
DA:67,18
DA:69,18
DA:70,18
DA:73,18
DA:74,3
DA:77,18
DA:79,17
DA:80,17
DA:82,1
DA:83,1
DA:85,0
DA:86,0
DA:89,18
DA:90,3
DA:92,18
DA:93,0
DA:96,18
DA:97,3
DA:99,18
DA:101,18
DA:102,17
DA:103,5
DA:108,5
DA:109,5
DA:110,5
DA:115,5
DA:118,17
DA:119,15
DA:120,5
DA:126,18
DA:127,12
DA:128,10
DA:129,5
DA:130,5
DA:136,18
DA:137,12
DA:138,2
DA:142,18
DA:143,12
DA:144,12
DA:145,0
DA:151,18
DA:152,17
DA:153,5
DA:171,18
LF:58
LH:54
BRDA:19,0,0,0
BRDA:21,1,0,0
BRDA:22,2,0,18
BRDA:23,3,0,18
BRDA:24,4,0,18
BRDA:25,5,0,15
BRDA:26,6,0,18
BRDA:27,7,0,18
BRDA:28,8,0,18
BRDA:29,9,0,15
BRDA:30,10,0,18
BRDA:31,11,0,18
BRDA:32,12,0,18
BRDA:59,13,0,1
BRDA:59,13,1,5
BRDA:59,14,0,6
BRDA:59,14,1,1
BRDA:66,15,0,18
BRDA:66,15,1,0
BRDA:69,16,0,18
BRDA:69,16,1,0
BRDA:73,17,0,3
BRDA:73,17,1,15
BRDA:77,18,0,17
BRDA:77,18,1,1
BRDA:77,18,2,0
BRDA:89,19,0,3
BRDA:89,19,1,15
BRDA:92,20,0,0
BRDA:92,20,1,18
BRDA:96,21,0,3
BRDA:96,21,1,15
BRDA:96,22,0,18
BRDA:96,22,1,3
BRDA:102,23,0,5
BRDA:102,23,1,12
BRDA:102,24,0,17
BRDA:102,24,1,10
BRDA:109,25,0,5
BRDA:109,25,1,0
BRDA:119,26,0,5
BRDA:119,26,1,10
BRDA:128,27,0,5
BRDA:128,27,1,5
BRDA:137,28,0,2
BRDA:137,28,1,10
BRDA:137,29,0,12
BRDA:137,29,1,4
BRDA:143,30,0,5
BRDA:143,30,1,7
BRDA:144,31,0,0
BRDA:144,31,1,12
BRDA:144,32,0,12
BRDA:144,32,1,5
BRDA:146,33,0,0
BRDA:146,33,1,0
BRDA:152,34,0,5
BRDA:152,34,1,12
BRF:58
BRH:48
end_of_record
TN:
SF:src/theme/light.ts
FNF:0
FNH:0
DA:3,0
LF:1
LH:0
BRF:0
BRH:0
end_of_record
