TN:
SF:src/index.tsx
FN:80,(anonymous_0)
FN:132,(anonymous_1)
FNF:2
FNH:2
FNDA:25,(anonymous_0)
FNDA:4,(anonymous_1)
DA:80,1
DA:105,25
DA:106,25
DA:107,25
DA:132,25
DA:140,25
DA:141,0
DA:144,25
DA:145,25
DA:148,1
LF:10
LH:9
BRDA:83,0,0,13
BRDA:85,1,0,25
BRDA:91,2,0,23
BRDA:140,3,0,0
BRDA:140,3,1,25
BRDA:144,4,0,25
BRDA:144,4,1,0
BRDA:145,5,0,9
BRDA:145,5,1,16
BRF:9
BRH:7
end_of_record
TN:
SF:src/useCodeMirror.ts
FN:14,useCodeMirror
FN:61,(anonymous_1)
FN:62,(anonymous_2)
FN:111,(anonymous_3)
FN:129,(anonymous_4)
FN:137,(anonymous_5)
FN:140,(anonymous_6)
FN:140,(anonymous_7)
FN:149,(anonymous_8)
FN:155,(anonymous_9)
FN:178,(anonymous_10)
FNF:11
FNH:11
FNDA:25,useCodeMirror
FNDA:1,(anonymous_1)
FNDA:6,(anonymous_2)
FNDA:24,(anonymous_3)
FNDA:22,(anonymous_4)
FNDA:12,(anonymous_5)
FNDA:12,(anonymous_6)
FNDA:10,(anonymous_7)
FNDA:12,(anonymous_8)
FNDA:24,(anonymous_9)
FNDA:12,(anonymous_10)
DA:37,25
DA:38,25
DA:39,25
DA:40,25
DA:41,25
DA:51,25
DA:61,25
DA:62,25
DA:63,6
DA:64,1
DA:65,1
DA:66,1
DA:68,6
DA:71,25
DA:72,25
DA:73,25
DA:75,25
DA:76,25
DA:77,25
DA:79,0
DA:83,25
DA:84,4
DA:87,25
DA:89,23
DA:90,23
DA:92,2
DA:93,2
DA:95,0
DA:96,0
DA:99,25
DA:100,4
DA:102,25
DA:103,0
DA:106,25
DA:107,4
DA:109,25
DA:111,25
DA:112,24
DA:113,5
DA:118,5
DA:119,5
DA:120,5
DA:125,5
DA:126,5
DA:129,24
DA:130,22
DA:131,5
DA:132,5
DA:137,25
DA:139,25
DA:140,12
DA:141,10
DA:142,5
DA:143,5
DA:149,25
DA:150,12
DA:151,2
DA:155,25
DA:156,24
DA:157,5
DA:178,25
DA:179,12
DA:180,12
DA:181,0
DA:187,25
LF:65
LH:60
BRDA:22,0,0,0
BRDA:24,1,0,0
BRDA:25,2,0,25
BRDA:26,3,0,25
BRDA:27,4,0,25
BRDA:28,5,0,21
BRDA:29,6,0,25
BRDA:30,7,0,25
BRDA:31,8,0,25
BRDA:32,9,0,21
BRDA:33,10,0,25
BRDA:34,11,0,25
BRDA:35,12,0,25
BRDA:61,13,0,1
BRDA:61,13,1,1
BRDA:63,14,0,1
BRDA:63,14,1,5
BRDA:63,15,0,6
BRDA:63,15,1,1
BRDA:68,16,0,6
BRDA:68,16,1,0
BRDA:72,17,0,25
BRDA:72,17,1,0
BRDA:75,18,0,25
BRDA:75,18,1,0
BRDA:76,19,0,25
BRDA:76,19,1,0
BRDA:83,20,0,4
BRDA:83,20,1,21
BRDA:87,21,0,23
BRDA:87,21,1,2
BRDA:87,21,2,0
BRDA:99,22,0,4
BRDA:99,22,1,21
BRDA:102,23,0,0
BRDA:102,23,1,25
BRDA:106,24,0,4
BRDA:106,24,1,21
BRDA:106,25,0,25
BRDA:106,25,1,4
BRDA:112,26,0,5
BRDA:112,26,1,19
BRDA:112,27,0,24
BRDA:112,27,1,10
BRDA:119,28,0,5
BRDA:119,28,1,0
BRDA:126,29,0,5
BRDA:126,29,1,0
BRDA:130,30,0,5
BRDA:130,30,1,17
BRDA:141,31,0,5
BRDA:141,31,1,5
BRDA:150,32,0,2
BRDA:150,32,1,10
BRDA:150,33,0,12
BRDA:150,33,1,4
BRDA:156,34,0,5
BRDA:156,34,1,19
BRDA:179,35,0,5
BRDA:179,35,1,7
BRDA:180,36,0,0
BRDA:180,36,1,12
BRDA:180,37,0,12
BRDA:180,37,1,5
BRDA:182,38,0,0
BRDA:182,38,1,0
BRF:66
BRH:53
end_of_record
TN:
SF:src/utils.ts
FN:34,(anonymous_0)
FN:46,(anonymous_1)
FN:47,(anonymous_2)
FNF:3
FNH:0
FNDA:0,(anonymous_0)
FNDA:0,(anonymous_1)
FNDA:0,(anonymous_2)
DA:34,1
DA:35,0
DA:46,0
DA:47,0
LF:4
LH:1
BRF:0
BRH:0
end_of_record
TN:
SF:src/theme/light.ts
FNF:0
FNH:0
DA:3,0
LF:1
LH:0
BRF:0
BRH:0
end_of_record
